2026-04-17 17:11:46 - Início da requisição: {"method":"POST","post_keys":[]}
2026-04-17 17:11:46 - Verificando settings.json
2026-04-17 17:13:16 - Início da requisição: {"method":"POST","post_keys":["host","dbuser","dbname","full_name","email","password","base_url"]}
2026-04-17 17:13:16 - Verificando settings.json
2026-04-17 17:13:16 - Recebendo dados POST: {"host":"localhost","dbname":"test"}
2026-04-17 17:13:16 - Validando campos obrigatórios
2026-04-17 17:14:07 - Início da requisição: {"method":"POST","post_keys":["host","dbuser","dbname","full_name","email","password","base_url"]}
2026-04-17 17:14:07 - Verificando settings.json
2026-04-17 17:14:07 - Recebendo dados POST: {"host":"localhost","dbname":"test"}
2026-04-17 17:14:07 - Validando campos obrigatórios
2026-04-17 17:15:11 - Início da requisição: {"method":"POST","post_keys":["host","dbuser","dbpassword","dbname","full_name","email","password","base_url","enter_api_enabled","enter_token_expire_time"]}
2026-04-17 17:15:11 - Verificando settings.json
2026-04-17 17:15:11 - Recebendo dados POST: {"host":"localhost","dbname":"mapos_test"}
2026-04-17 17:15:11 - Validando campos obrigatórios
2026-04-17 17:15:11 - Conectando ao banco de dados: {"host":"localhost","dbname":"mapos_test"}
2026-04-17 17:17:40 - Início da requisição: {"method":"POST","post_keys":["host","dbuser","dbpassword","dbname","full_name","email","password","base_url","enter_api_enabled","enter_token_expire_time"]}
2026-04-17 17:17:40 - Verificando settings.json
2026-04-17 17:17:40 - Recebendo dados POST: {"host":"localhost","dbname":"root"}
2026-04-17 17:17:40 - Validando campos obrigatórios
2026-04-17 17:17:40 - Conectando ao banco de dados: {"host":"localhost","dbname":"root"}
2026-04-17 17:17:51 - Início da requisição: {"method":"POST","post_keys":["host","dbuser","dbpassword","dbname","full_name","email","password","base_url","enter_api_enabled","enter_token_expire_time"]}
2026-04-17 17:17:51 - Verificando settings.json
2026-04-17 17:17:51 - Recebendo dados POST: {"host":"localhost","dbname":"root"}
2026-04-17 17:17:51 - Validando campos obrigatórios
2026-04-17 17:17:51 - Conectando ao banco de dados: {"host":"localhost","dbname":"root"}
